[debug] ----------------------------------------------------------------------
[debug] Command:      c:\Program Files\nodejs\node.exe c:\Users\Owner\AppData\Roaming\npm\node_modules\firebase-tools\bin\firebase deploy
[debug] CLI Version:  3.0.2
[debug] Platform:     win32
[debug] Node Version: v6.2.2
[debug] Time:         Thu Jul 14 2016 09:20:32 GMT-0400 (Eastern Daylight Time)
[debug] ----------------------------------------------------------------------
[debug] 
[debug] > command requires scopes: ["email","openid","https://www.googleapis.com/auth/cloudplatformprojects.readonly","https://www.googleapis.com/auth/firebase"]
[debug] >>> HTTP REQUEST GET https://admin.firebase.com/v1/projects/website-ce21f 
[debug] <<< HTTP RESPONSE 200
[debug] >>> HTTP REQUEST GET https://admin.firebase.com/v1/database/website-ce21f/tokens 
[debug] <<< HTTP RESPONSE 200
[info] 
[info] === Deploying to 'website-ce21f'...
[info] 
[info] i  deploying hosting
[info] i  hosting: preparing public directory for upload...
[debug] > refreshing access token with scopes: ["email","https://www.googleapis.com/auth/cloudplatformprojects.readonly","https://www.googleapis.com/auth/firebase","openid"]
[debug] >>> HTTP REQUEST POST https://www.googleapis.com/oauth2/v3/token
[debug] <<< HTTP RESPONSE 200
[debug] >>> HTTP REQUEST PUT https://deploy.firebase.com/v1/hosting/website-ce21f/uploads/-KMdopZoyDglj1iSRGxq?fileCount=45&message= 
[debug] <<< HTTP RESPONSE 200
